{"numFailedTestSuites":0,"numFailedTests":0,"numPassedTestSuites":1,"numPassedTests":1,"numPendingTestSuites":0,"numPendingTests":0,"numRuntimeErrorTestSuites":0,"numTodoTests":0,"numTotalTestSuites":1,"numTotalTests":1,"openHandles":[],"snapshot":{"added":0,"didUpdate":false,"failure":false,"filesAdded":0,"filesRemoved":0,"filesRemovedList":[],"filesUnmatched":0,"filesUpdated":0,"matched":0,"total":0,"unchecked":0,"uncheckedKeysByFile":[],"unmatched":0,"updated":0},"startTime":1663855499676,"success":true,"testResults":[{"assertionResults":[{"ancestorTitles":["App.js"],"failureMessages":[],"fullName":"App.js should be able to undo","location":null,"status":"passed","title":"should be able to undo"}],"endTime":1663855504677,"message":"","name":"D:\\Fiver\\Testing\\BellaApp\\jsramverk-frontend-main\\src\\App.test.js","startTime":1663855501674,"status":"passed","summary":""}],"wasInterrupted":false}